2017-03-11 11:13:10, 29.062, 27.187, 29.000, 27.677, 60.075, 43.000, 2, circulate
2017-03-11 11:18:33, 29.250, 27.625, 29.000, 28.135, 59.075, 43.000, 2, same action
2017-03-11 11:23:33, 29.312, 27.812, 29.000, 28.286, 58.850, 43.000, 2, same action
2017-03-11 11:28:34, 29.312, 27.875, 29.000, 28.354, 58.650, 43.000, 2, same action
2017-03-11 11:33:34, 29.375, 27.937, 29.000, 28.422, 58.550, 38.000, 2, same action
2017-03-11 11:38:34, 29.375, 27.937, 29.000, 28.416, 57.300, 38.000, 2, same action
2017-03-11 11:43:35, 29.375, 28.000, 29.000, 28.458, 55.550, 38.000, 2, same action
2017-03-11 11:48:36, 29.375, 28.000, 29.000, 28.463, 54.125, 38.000, 2, same action
2017-03-11 11:53:36, 29.437, 28.062, 29.000, 28.515, 53.150, 38.000, 2, same action
2017-03-11 11:58:37, 29.437, 28.062, 29.000, 28.552, 52.650, 41.000, 2, same action
2017-03-11 12:03:37, 29.437, 28.062, 29.000, 28.588, 51.725, 41.000, 2, same action
2017-03-11 12:08:37, 29.437, 28.125, 29.000, 28.604, 51.400, 41.000, 2, same action
2017-03-11 12:13:38, 29.500, 28.125, 29.000, 28.625, 50.925, 41.000, 2, same action
2017-03-11 12:18:40, 29.500, 28.125, 29.000, 28.630, 50.700, 41.000, 2, same action
2017-03-11 12:23:40, 29.500, 28.187, 29.000, 28.666, 50.350, 43.000, 2, same action
2017-03-11 12:28:41, 29.562, 28.187, 29.000, 28.682, 50.500, 43.000, 2, same action
2017-03-11 12:33:41, 29.562, 28.187, 29.000, 28.713, 50.350, 43.000, 2, same action
2017-03-11 12:38:42, 29.625, 28.187, 29.000, 28.745, 49.875, 43.000, 2, same action
2017-03-11 12:43:42, 29.500, 28.187, 29.000, 28.776, 49.800, 43.000, 2, same action
2017-03-11 12:48:42, 29.500, 28.250, 29.000, 28.786, 49.525, 43.000, 2, same action
2017-03-11 12:53:43, 29.500, 28.250, 29.000, 28.812, 49.225, 43.000, 2, same action
2017-03-11 12:58:43, 29.500, 28.250, 29.000, 28.818, 49.325, 41.000, 2, same action
2017-03-11 13:03:44, 29.500, 28.250, 29.000, 28.823, 49.325, 41.000, 2, same action
2017-03-11 13:08:44, 29.500, 28.312, 29.000, 28.854, 49.225, 41.000, 2, same action
2017-03-11 13:13:45, 29.562, 28.312, 29.000, 28.864, 49.350, 41.000, 2, same action
2017-03-11 13:18:45, 29.562, 28.312, 29.000, 28.859, 49.825, 41.000, 2, same action
2017-03-11 13:23:46, 29.500, 28.312, 29.000, 28.854, 50.275, 41.000, 2, same action
2017-03-11 13:28:47, 29.500, 28.312, 29.000, 28.870, 50.600, 39.000, 2, same action
2017-03-11 13:33:48, 29.500, 28.375, 29.000, 28.885, 50.325, 39.000, 2, same action
2017-03-11 13:38:48, 29.500, 28.312, 29.000, 28.901, 50.125, 39.000, 2, same action
2017-03-11 13:43:49, 29.562, 28.312, 29.000, 28.880, 50.050, 39.000, 2, same action
2017-03-11 13:48:49, 29.562, 28.312, 29.000, 28.864, 49.600, 39.000, 2, same action
2017-03-11 13:53:50, 29.625, 28.312, 29.000, 28.875, 49.300, 39.000, 2, same action
2017-03-11 13:58:50, 29.562, 28.312, 29.000, 28.854, 48.900, 42.000, 2, same action
2017-03-11 14:03:50, 29.562, 28.312, 29.000, 28.854, 48.950, 42.000, 2, same action
2017-03-11 14:08:51, 29.562, 28.312, 29.000, 28.864, 48.800, 42.000, 2, same action
2017-03-11 14:13:52, 29.625, 28.312, 29.000, 28.875, 48.300, 42.000, 2, same action
2017-03-11 14:18:53, 29.562, 28.375, 29.000, 28.880, 47.875, 42.000, 2, same action
2017-03-11 14:23:53, 29.562, 28.312, 29.000, 28.890, 47.725, 42.000, 2, same action
2017-03-11 14:28:54, 29.625, 28.312, 29.000, 28.896, 47.700, 42.000, 2, same action
2017-03-11 14:33:54, 29.625, 28.312, 29.000, 28.901, 47.675, 39.000, 2, same action
2017-03-11 14:38:55, 29.500, 28.375, 29.000, 28.906, 47.750, 39.000, 2, same action
2017-03-11 14:43:55, 29.625, 28.375, 29.000, 28.958, 47.725, 39.000, 2, same action
2017-03-11 14:48:56, 29.687, 28.375, 29.000, 28.958, 47.700, 39.000, 2, same action
2017-03-11 14:53:57, 29.562, 28.375, 29.000, 28.937, 47.475, 39.000, 2, same action
2017-03-11 14:58:58, 29.625, 28.375, 29.000, 28.974, 47.300, 35.000, 2, same action
2017-03-11 15:03:58, 29.625, 28.375, 29.000, 28.963, 47.225, 35.000, 3, same action
2017-03-11 15:08:58, 29.625, 28.375, 29.000, 28.974, 47.525, 35.000, 3, same action
2017-03-11 15:13:59, 29.625, 28.375, 29.000, 28.984, 47.575, 35.000, 3, same action
2017-03-11 15:18:59, 29.625, 28.375, 29.000, 28.995, 47.525, 35.000, 3, same action
2017-03-11 15:24:00, 29.625, 28.437, 29.000, 29.005, 47.600, 37.000, 3, same action
2017-03-11 15:29:00, 29.687, 28.437, 29.000, 29.020, 47.475, 37.000, 3, same action
2017-03-11 15:34:01, 29.625, 28.437, 29.000, 29.000, 47.400, 37.000, 3, same action
2017-03-11 15:39:02, 29.687, 28.437, 29.000, 29.020, 47.525, 37.000, 3, same action
2017-03-11 15:44:02, 29.687, 28.437, 29.000, 29.031, 47.800, 37.000, 3, same action
2017-03-11 15:49:18, 29.687, 28.437, 29.000, 29.020, 48.200, 37.000, 3, same action
2017-03-11 15:54:18, 29.687, 28.437, 29.000, 29.010, 48.375, 37.000, 3, same action
2017-03-11 15:59:18, 29.750, 28.437, 29.000, 29.020, 48.500, 42.000, 3, same action
2017-03-11 16:04:19, 29.875, 28.500, 29.000, 29.031, 48.800, 42.000, 3, same action
2017-03-11 16:09:20, 29.812, 28.500, 29.000, 29.021, 49.050, 42.000, 3, same action
2017-03-11 16:14:20, 29.750, 28.437, 29.000, 29.000, 48.875, 42.000, 3, same action
2017-03-11 16:19:20, 29.875, 28.437, 29.000, 29.026, 49.025, 42.000, 3, same action
2017-03-11 16:24:23, 29.812, 28.437, 29.000, 29.031, 49.225, 42.000, 3, same action
2017-03-11 16:29:24, 29.875, 28.437, 29.000, 29.041, 49.275, 42.000, 3, same action
2017-03-11 16:34:24, 29.812, 28.437, 29.000, 29.036, 49.600, 42.000, 3, same action
2017-03-11 16:39:25, 29.875, 28.500, 29.000, 29.052, 49.850, 42.000, 3, same action
2017-03-11 16:44:25, 29.875, 28.500, 29.000, 29.073, 50.075, 42.000, 3, cycle hvacs 3
2017-03-11 16:49:42, 29.812, 26.750, 29.000, 28.380, 50.350, 42.000, 3, cycle hvacs 4
